<?xml version="1.0" encoding="UTF-8"?>
<!-- Generated by org.testng.reporters.JUnitXMLReporter -->
<testsuite ignored="0" hostname="DESKTOP-1FLJ5D9" failures="0" tests="5" name="Default test" time="6.92" errors="0" timestamp="2023-05-09T15:45:15 IST">
  <testcase classname="saucedemo.E2ETestCase" name="login" time="0.508"/>
  <testcase classname="saucedemo.E2ETestCase" name="totalCountOfProducts" time="0.157"/>
  <testcase classname="saucedemo.E2ETestCase" name="verifyButtonVisibility" time="0.281"/>
  <testcase classname="saucedemo.E2ETestCase" name="clickOnSpecificProduct" time="0.092"/>
  <testcase classname="saucedemo.E2ETestCase" name="clickonCartIcon_VerifySpecificProduct" time="0.205"/>
</testsuite> <!-- Default test -->
