<?xml version="1.0" encoding="UTF-8"?>
<testng-results ignored="0" total="5" passed="5" failed="0" skipped="0">
  <reporter-output>
  </reporter-output>
  <suite started-at="2023-05-09T15:45:08 IST" name="Default suite" finished-at="2023-05-09T15:45:15 IST" duration-ms="6920">
    <groups>
    </groups>
    <test started-at="2023-05-09T15:45:08 IST" name="Default test" finished-at="2023-05-09T15:45:15 IST" duration-ms="6920">
      <class name="saucedemo.E2ETestCase">
        <test-method is-config="true" signature="setup()[pri:0, instance:saucedemo.E2ETestCase@34a3d150]" started-at="2023-05-09T15:45:08 IST" name="setup" finished-at="2023-05-09T15:45:13 IST" duration-ms="5058" status="PASS">
          <reporter-output>
          </reporter-output>
        </test-method> <!-- setup -->
        <test-method signature="login()[pri:1, instance:saucedemo.E2ETestCase@34a3d150]" started-at="2023-05-09T15:45:13 IST" name="login" finished-at="2023-05-09T15:45:13 IST" duration-ms="508" status="PASS">
          <reporter-output>
          </reporter-output>
        </test-method> <!-- login -->
        <test-method signature="totalCountOfProducts()[pri:2, instance:saucedemo.E2ETestCase@34a3d150]" started-at="2023-05-09T15:45:13 IST" name="totalCountOfProducts" finished-at="2023-05-09T15:45:13 IST" duration-ms="157" status="PASS">
          <reporter-output>
          </reporter-output>
        </test-method> <!-- totalCountOfProducts -->
        <test-method signature="verifyButtonVisibility()[pri:3, instance:saucedemo.E2ETestCase@34a3d150]" started-at="2023-05-09T15:45:13 IST" name="verifyButtonVisibility" finished-at="2023-05-09T15:45:14 IST" duration-ms="281" status="PASS">
          <reporter-output>
          </reporter-output>
        </test-method> <!-- verifyButtonVisibility -->
        <test-method signature="clickOnSpecificProduct()[pri:4, instance:saucedemo.E2ETestCase@34a3d150]" started-at="2023-05-09T15:45:14 IST" name="clickOnSpecificProduct" finished-at="2023-05-09T15:45:14 IST" duration-ms="92" status="PASS">
          <reporter-output>
          </reporter-output>
        </test-method> <!-- clickOnSpecificProduct -->
        <test-method signature="clickonCartIcon_VerifySpecificProduct()[pri:5, instance:saucedemo.E2ETestCase@34a3d150]" started-at="2023-05-09T15:45:14 IST" name="clickonCartIcon_VerifySpecificProduct" finished-at="2023-05-09T15:45:14 IST" duration-ms="205" status="PASS">
          <reporter-output>
          </reporter-output>
        </test-method> <!-- clickonCartIcon_VerifySpecificProduct -->
        <test-method is-config="true" signature="tearDown()[pri:0, instance:saucedemo.E2ETestCase@34a3d150]" started-at="2023-05-09T15:45:14 IST" name="tearDown" finished-at="2023-05-09T15:45:15 IST" duration-ms="481" status="PASS">
          <reporter-output>
          </reporter-output>
        </test-method> <!-- tearDown -->
      </class> <!-- saucedemo.E2ETestCase -->
    </test> <!-- Default test -->
  </suite> <!-- Default suite -->
</testng-results>
